<?xml version="1.0" encoding="utf-8"?><testsuites name="pytest tests"><testsuite name="pytest" errors="0" failures="0" skipped="0" tests="9" time="10.784" timestamp="2026-08-29T20:10:04.117942+00:00" hostname="agent-env-7f0cdb14-4469-40cd-addc-13179ccc7faf"><testcase classname="tests.test_mazigho_backend" name="test_auth_login_and_me" time="0.657" /><testcase classname="tests.test_mazigho_backend" name="test_products_getAll_public" time="4.407" /><testcase classname="tests.test_mazigho_backend" name="test_categories_getAll_public" time="1.072" /><testcase classname="tests.test_mazigho_backend" name="test_admin_getStats" time="2.909" /><testcase classname="tests.test_mazigho_backend" name="test_admin_suppliers_odooStatus" time="0.312" /><testcase classname="tests.test_mazigho_backend" name="test_admin_suppliers_verifyOdoo" time="0.308" /><testcase classname="tests.test_mazigho_backend" name="test_admin_suppliers_searchCj_missing_key" time="0.308" /><testcase classname="tests.test_mazigho_backend" name="test_admin_suppliers_prepareCjImport_missing_key" time="0.313" /><testcase classname="tests.test_mazigho_backend" name="test_server_still_healthy" time="0.003" /></testsuite></testsuites>