<?xml version="1.0" encoding="utf-8"?><testsuites name="pytest tests"><testsuite name="pytest" errors="0" failures="0" skipped="2" tests="26" time="23.126" timestamp="2026-08-31T00:32:41.633840+00:00" hostname="agent-env-7f0cdb14-4469-40cd-addc-13179ccc7faf"><testcase classname="tests.test_mazigho_lots_b_c.TestHealth" name="test_frontend_loads" time="0.007" /><testcase classname="tests.test_mazigho_lots_b_c.TestHealth" name="test_admin_login_returns_admin_role" time="0.585" /><testcase classname="tests.test_mazigho_lots_b_c.TestPromotions" name="test_create_first_order_promo" time="1.241" /><testcase classname="tests.test_mazigho_lots_b_c.TestPromotions" name="test_create_category_promo_requires_categoryId" time="0.279" /><testcase classname="tests.test_mazigho_lots_b_c.TestPromotions" name="test_create_category_promo" time="1.637" /><testcase classname="tests.test_mazigho_lots_b_c.TestPromotions" name="test_update_promo_preserves_scope" time="1.993" /><testcase classname="tests.test_mazigho_lots_b_c.TestPromotions" name="test_validate_invalid_promo" time="0.145" /><testcase classname="tests.test_mazigho_lots_b_c.TestPromotions" name="test_validate_first_order_promo" time="2.229" /><testcase classname="tests.test_mazigho_lots_b_c.TestPromotions" name="test_delete_created_promos" time="0.973" /><testcase classname="tests.test_mazigho_lots_b_c.TestAbandonedCarts" name="test_list_abandoned_carts" time="0.549" /><testcase classname="tests.test_mazigho_lots_b_c.TestAbandonedCarts" name="test_send_reminder_gracefully_fails_when_email_unconfigured" time="0.419"><skipped type="pytest.skip" message="no abandoned carts to exercise reminder graceful-fail">/app/backend/tests/test_mazigho_lots_b_c.py:261: no abandoned carts to exercise reminder graceful-fail</skipped></testcase><testcase classname="tests.test_mazigho_lots_b_c.TestEmailTemplates" name="test_list_email_templates" time="0.692" /><testcase classname="tests.test_mazigho_lots_b_c.TestEmailTemplates" name="test_save_and_persist_template" time="2.327" /><testcase classname="tests.test_mazigho_lots_b_c.TestClientOrders" name="test_getMyOrders_returns_list" time="0.859" /><testcase classname="tests.test_mazigho_lots_b_c.TestClientOrders" name="test_requestReturn_on_missing_order_returns_404" time="0.410" /><testcase classname="tests.test_mazigho_lots_b_c.TestClientOrders" name="test_requestReturn_min_reason_length" time="0.273" /><testcase classname="tests.test_mazigho_lots_b_c.TestAdminReturns" name="test_returns_list_admin" time="0.412" /><testcase classname="tests.test_mazigho_lots_b_c.TestAdminReturns" name="test_returns_list_order_operator" time="0.413" /><testcase classname="tests.test_mazigho_lots_b_c.TestAdminReturns" name="test_returns_list_forbidden_for_catalog_editor" time="0.591" /><testcase classname="tests.test_mazigho_lots_b_c.TestAdminReturns" name="test_refund_admin_only" time="0.277" /><testcase classname="tests.test_mazigho_lots_b_c.TestAdminReturns" name="test_refund_graceful_when_stripe_missing" time="0.414"><skipped type="pytest.skip" message="no paid orders to test refund graceful failure">/app/backend/tests/test_mazigho_lots_b_c.py:368: no paid orders to test refund graceful failure</skipped></testcase><testcase classname="tests.test_mazigho_lots_b_c.TestSEO" name="test_get_seo" time="0.408" /><testcase classname="tests.test_mazigho_lots_b_c.TestSEO" name="test_save_and_persist_seo" time="2.073" /><testcase classname="tests.test_mazigho_lots_b_c.TestSEO" name="test_seo_title_max_length" time="0.410" /><testcase classname="tests.test_mazigho_lots_b_c.TestLotARegression" name="test_dashboard_stats" time="2.854" /><testcase classname="tests.test_mazigho_lots_b_c.TestLotARegression" name="test_audit_log_records_actions" time="0.560" /></testsuite></testsuites>